2021-02-19 16:41:32
start -- /home/liyupeng/Mirs/net/Server.cc : 45
2021-02-19 16:41:36
accept fd=13 -- /home/liyupeng/Mirs/net/Server.cc : 25
2021-02-19 16:41:39
no file -- /home/liyupeng/Mirs/net/Connect.cc : 40
2021-02-19 16:41:39
parse error -- /home/liyupeng/Mirs/net/Connect.cc : 69
2021-02-19 16:41:39
delete fd=13 -- /home/liyupeng/Mirs/net/Channel.cc : 12
2021-02-19 16:41:39
accept fd=13 -- /home/liyupeng/Mirs/net/Server.cc : 25
2021-02-19 16:41:39
no file -- /home/liyupeng/Mirs/net/Connect.cc : 40
2021-02-19 16:41:39
parse error -- /home/liyupeng/Mirs/net/Connect.cc : 69
2021-02-19 16:41:39
delete fd=13 -- /home/liyupeng/Mirs/net/Channel.cc : 12
2021-02-19 16:42:13
accept fd=13 -- /home/liyupeng/Mirs/net/Server.cc : 25
2021-02-19 16:42:13
no file -- /home/liyupeng/Mirs/net/Connect.cc : 40
2021-02-19 16:42:13
parse error -- /home/liyupeng/Mirs/net/Connect.cc : 69
2021-02-19 16:42:13
delete fd=13 -- /home/liyupeng/Mirs/net/Channel.cc : 12
2021-02-19 16:48:13
start -- /home/liyupeng/Mirs/net/Server.cc : 45
2021-02-19 16:48:21
accept fd=13 -- /home/liyupeng/Mirs/net/Server.cc : 25
2021-02-19 16:48:21
no file -- /home/liyupeng/Mirs/net/Connect.cc : 40
2021-02-19 16:48:21
parse error -- /home/liyupeng/Mirs/net/Connect.cc : 69
2021-02-19 16:48:21
delete fd=13 -- /home/liyupeng/Mirs/net/Channel.cc : 12
2021-02-19 17:00:12
start -- /home/liyupeng/Mirs/net/Server.cc : 45
2021-02-19 17:00:21
accept fd=13 -- /home/liyupeng/Mirs/net/Server.cc : 25
2021-02-19 17:00:21
no file -- /home/liyupeng/Mirs/net/Connect.cc : 40
2021-02-19 17:00:21
parse error -- /home/liyupeng/Mirs/net/Connect.cc : 69
2021-02-19 17:00:21
delete fd=13 -- /home/liyupeng/Mirs/net/Channel.cc : 12
2021-02-19 17:13:20
start -- /home/liyupeng/Mirs/net/Server.cc : 45
2021-02-19 17:13:24
accept fd=13 -- /home/liyupeng/Mirs/net/Server.cc : 25
2021-02-19 17:13:52
delete fd=13 -- /home/liyupeng/Mirs/net/Channel.cc : 12
2021-02-19 17:13:52
accept fd=13 -- /home/liyupeng/Mirs/net/Server.cc : 25
2021-02-19 17:14:16
delete fd=13 -- /home/liyupeng/Mirs/net/Channel.cc : 12
2021-02-19 17:14:16
accept fd=13 -- /home/liyupeng/Mirs/net/Server.cc : 25
2021-02-19 17:14:47
accept fd=14 -- /home/liyupeng/Mirs/net/Server.cc : 25
2021-02-19 17:14:48
delete fd=13 -- /home/liyupeng/Mirs/net/Channel.cc : 12
